DEBUG | 2023-10-28 18:29:18,223 | the message: dan
DEBUG | 2023-10-28 18:29:58,144 | the message: eitan
DEBUG | 2023-10-28 18:37:29,103 | the message: daniel
DEBUG | 2023-10-28 18:38:48,647 | the message: daniek
DEBUG | 2023-10-28 18:38:48,647 | the encrypted message15,12,35,30,16,32
DEBUG | 2023-10-28 18:39:10,005 | the message: daniel
DEBUG | 2023-10-28 18:39:10,006 | the encrypted message 15,12,35,30,16,33
DEBUG | 2023-10-28 18:45:39,114 | the message: daniel
DEBUG | 2023-10-28 18:45:39,114 | the encrypted message 15,12,35,30,16,33
DEBUG | 2023-10-28 18:45:59,632 | the message: love
DEBUG | 2023-10-28 18:45:59,633 | the encrypted message 33,36,93,16
DEBUG | 2023-10-28 18:46:30,467 | the message: My bounty is as boundless as the sea, My love as deep; the more I give to thee, The more I have, for both are infinite."
DEBUG | 2023-10-28 18:47:31,158 | the message: My bounty is as boundless as the sea, My love as deep; the more I give to thee, The more I have, for both are infinite.
DEBUG | 2023-10-28 18:47:31,159 | the encrypted message 48,96,98,13,36,92,35,91,96,98,30,90,98,12,90,98,13,36,92,35,15,33,16,90,90,98,12,90,98,91,19,16,98,90,16,12,99,98,48,96,98,33,36,93,16,98,12,90,98,15,16,16,37,101,98,91,19,16,98,34,36,39,16,98,44,98,18,30,93,16,98,91,36,98,91,19,16,16,99,98,65,19,16,98,34,36,39,16,98,44,98,19,12,93,16,99,98,17,36,39,98,13,36,91,19,98,12,39,16,98,30,35,17,30,35,30,91,16,100
DEBUG | 2023-10-28 18:51:29,837 | the message: iftacj
DEBUG | 2023-10-28 18:51:29,837 | the encrypted message 30,17,91,12,14,31
DEBUG | 2023-10-28 18:52:46,049 | the encrypted message 30,17,91,12,14,31
DEBUG | 2023-10-28 18:52:46,049 | the original message: iftacj
DEBUG | 2023-10-28 19:04:04,255 | the encrypted message 30,17,91,12,14,31
DEBUG | 2023-10-28 19:04:04,255 | the original message: iftacj
DEBUG | 2023-10-28 19:05:48,959 | the message: Don't waste your love on somebody, who doesn't value it.
DEBUG | 2023-10-28 19:05:48,960 | the encrypted message 59,36,35,102,91,98,94,12,90,91,16,98,96,36,92,39,98,33,36,93,16,98,36,35,98,90,36,34,16,13,36,15,96,99,98,94,19,36,98,15,36,16,90,35,102,91,98,93,12,33,92,16,98,30,91,100
DEBUG | 2023-10-28 19:06:19,725 | the encrypted message 59,36,35,102,91,98,94,12,90,91,16,98,96,36,92,39,98,33,36,93,16,98,36,35,98,90,36,34,16,13,36,15,96,99,98,94,19,36,98,15,36,16,90,35,102,91,98,93,12,33,92,16,98,30,91,100
DEBUG | 2023-10-28 19:06:19,725 | the original message: Don't waste your love on somebody, who doesn't value it.
DEBUG | 2023-10-28 19:14:41,922 | the message: daniel
DEBUG | 2023-10-28 19:14:41,923 | the encrypted message 15,12,35,30,16,33
DEBUG | 2023-10-28 19:15:34,094 | the message: love
DEBUG | 2023-10-28 19:15:34,095 | the encrypted message 33,36,93,16
DEBUG | 2023-10-28 19:15:56,115 | the encrypted message 33,36,93,16
DEBUG | 2023-10-28 19:15:56,116 | the original message: love
